<?xml version="1.0" encoding="UTF-8"?>
<!-- Generated by org.testng.reporters.JUnitXMLReporter -->
<testsuite ignored="0" hostname="SOVIT" failures="3" tests="4" name="EdgeTests" time="141.328" errors="0" timestamp="2025-09-08T14:27:11 IST">
  <testcase classname="io.cucumber.testng.AbstractTestNGCucumberTests" name="runScenario" time="2.664">
    <failure type="java.lang.AssertionError" message="Home page title did not match! expected [Automation Exercise] but found [Automation Exercise - Signup / Login]">
      <![CDATA[java.lang.AssertionError: Home page title did not match! expected [Automation Exercise] but found [Automation Exercise - Signup / Login]
at com.stepDefinitions.RegistrationStepDefinitions.user_is_on_the_home_page(RegistrationStepDefinitions.java:25)
at ✽.User is on the Home page(file:///D:/myworkspace/AutomationExercise/src/test/resources/Features/01-Register.feature:5)
... Removed 5 stack frames]]>
    </failure>
  </testcase> <!-- runScenario -->
  <testcase classname="io.cucumber.testng.AbstractTestNGCucumberTests" name="runScenario" time="24.508">
    <failure type="java.lang.AssertionError" message="Login failed: &amp;apos;Logged in as &amp;lt;username&amp;gt;&amp;apos; not visible! expected [true] but found [false]">
      <![CDATA[java.lang.AssertionError: Login failed: 'Logged in as <username>' not visible! expected [true] but found [false]
at com.stepDefinitions.LoginStepDefinitions.user_has_successfully_logged_in(LoginStepDefinitions.java:65)
at ✽.user has successfully logged in(file:///D:/myworkspace/AutomationExercise/src/test/resources/Features/02and03-Login.feature:12)
... Removed 3 stack frames]]>
    </failure>
  </testcase> <!-- runScenario -->
  <testcase classname="io.cucumber.testng.AbstractTestNGCucumberTests" name="runScenario" time="20.557">
    <failure type="java.lang.AssertionError" message="Login page not visible! expected [true] but found [false]">
      <![CDATA[java.lang.AssertionError: Login page not visible! expected [true] but found [false]
at com.stepDefinitions.LoginStepDefinitions.user_clicks_on_signup_login_button(LoginStepDefinitions.java:40)
at ✽.user clicks on signup/login button(file:///D:/myworkspace/AutomationExercise/src/test/resources/Features/02and03-Login.feature:5)
... Removed 3 stack frames]]>
    </failure>
  </testcase> <!-- runScenario -->
  <testcase classname="io.cucumber.testng.AbstractTestNGCucumberTests" name="runScenario" time="54.485"/>
</testsuite> <!-- EdgeTests -->
