<html>
<head>
<title>TestNG:  EdgeTests</title>
<link href="../testng.css" rel="stylesheet" type="text/css" />
<link href="../my-testng.css" rel="stylesheet" type="text/css" />

<style type="text/css">
.log { display: none;} 
.stack-trace { display: none;} 
</style>
<script type="text/javascript">
<!--
function flip(e) {
  current = e.style.display;
  if (current == 'block') {
    e.style.display = 'none';
    return 0;
  }
  else {
    e.style.display = 'block';
    return 1;
  }
}

function toggleBox(szDivId, elem, msg1, msg2)
{
  var res = -1;  if (document.getElementById) {
    res = flip(document.getElementById(szDivId));
  }
  else if (document.all) {
    // this is the way old msie versions work
    res = flip(document.all[szDivId]);
  }
  if(elem) {
    if(res == 0) elem.innerHTML = msg1; else elem.innerHTML = msg2;
  }

}

function toggleAllBoxes() {
  if (document.getElementsByTagName) {
    d = document.getElementsByTagName('div');
    for (i = 0; i < d.length; i++) {
      if (d[i].className == 'log') {
        flip(d[i]);
      }
    }
  }
}

// -->
</script>

</head>
<body>
<h2 align='center'>EdgeTests</h2><table border='1' align="center">
<tr>
<td>Tests passed/Failed/Skipped:</td><td>1/3/0</td>
</tr><tr>
<td>Started on:</td><td>Mon Sep 08 14:24:50 IST 2025</td>
</tr>
<tr><td>Total time:</td><td>141 seconds (141328 ms)</td>
</tr><tr>
<td>Included groups:</td><td></td>
</tr><tr>
<td>Excluded groups:</td><td></td>
</tr>
</table><p/>
<small><i>(Hover the method name to see the test class name)</i></small><p/>
<table width='100%' border='1' class='invocation-failed'>
<tr><td colspan='4' align='center'><b>FAILED TESTS</b></td></tr>
<tr><td><b>Test method</b></td>
<td><b>Attribute(s)</b></td>
<td width="30%"><b>Exception</b></td>
<td width="10%"><b>Time (seconds)</b></td>
<td><b>Instance</b></td>
</tr>
<tr>
<td title='com.TestRunner.RegistrationRunner.runScenario()'><b>runScenario</b><br>Test class: com.TestRunner.RegistrationRunner<br>Test method: Runs Cucumber Scenarios<br>Parameters: "User Registration to Sign-Up Page", "Registration"</td>
<td><div><pre>java.lang.AssertionError: Home page title did not match! expected [Automation Exercise] but found [Automation Exercise - Signup / Login]
	at com.stepDefinitions.RegistrationStepDefinitions.user_is_on_the_home_page(RegistrationStepDefinitions.java:25)
	at ✽.User is on the Home page(file:///D:/myworkspace/AutomationExercise/src/test/resources/Features/01-Register.feature:5)
... Removed 5 stack frames</pre></div><a href='#' onClick='toggleBox("stack-trace1784346912", this, "Click to show all stack frames", "Click to hide stack frames")'>Click to show all stack frames</a>
<div class='stack-trace' id='stack-trace1784346912'><pre>java.lang.AssertionError: Home page title did not match! expected [Automation Exercise] but found [Automation Exercise - Signup / Login]
	at org.testng.Assert.fail(Assert.java:111)
	at org.testng.Assert.failNotEquals(Assert.java:1590)
	at org.testng.Assert.assertEqualsImpl(Assert.java:150)
	at org.testng.Assert.assertEquals(Assert.java:132)
	at org.testng.Assert.assertEquals(Assert.java:656)
	at com.stepDefinitions.RegistrationStepDefinitions.user_is_on_the_home_page(RegistrationStepDefinitions.java:25)
	at ✽.User is on the Home page(file:///D:/myworkspace/AutomationExercise/src/test/resources/Features/01-Register.feature:5)
</pre></div></td>
<td>2</td>
<td>com.TestRunner.RegistrationRunner@69fb6037</td></tr>
<tr>
<td title='com.TestRunner.LoginRunner.runScenario()'><b>runScenario</b><br>Test class: com.TestRunner.LoginRunner<br>Test method: Runs Cucumber Scenarios<br>Parameters: "Login with invalid credentials", "Login Page with credentials"</td>
<td><div><pre>java.lang.AssertionError: Login page not visible! expected [true] but found [false]
	at com.stepDefinitions.LoginStepDefinitions.user_clicks_on_signup_login_button(LoginStepDefinitions.java:40)
	at ✽.user clicks on signup/login button(file:///D:/myworkspace/AutomationExercise/src/test/resources/Features/02and03-Login.feature:5)
... Removed 3 stack frames</pre></div><a href='#' onClick='toggleBox("stack-trace1823879693", this, "Click to show all stack frames", "Click to hide stack frames")'>Click to show all stack frames</a>
<div class='stack-trace' id='stack-trace1823879693'><pre>java.lang.AssertionError: Login page not visible! expected [true] but found [false]
	at org.testng.Assert.fail(Assert.java:111)
	at org.testng.Assert.failNotEquals(Assert.java:1590)
	at org.testng.Assert.assertTrue(Assert.java:57)
	at com.stepDefinitions.LoginStepDefinitions.user_clicks_on_signup_login_button(LoginStepDefinitions.java:40)
	at ✽.user clicks on signup/login button(file:///D:/myworkspace/AutomationExercise/src/test/resources/Features/02and03-Login.feature:5)
</pre></div></td>
<td>20</td>
<td>com.TestRunner.LoginRunner@36d585c</td></tr>
<tr>
<td title='com.TestRunner.LoginRunner.runScenario()'><b>runScenario</b><br>Test class: com.TestRunner.LoginRunner<br>Test method: Runs Cucumber Scenarios<br>Parameters: "Login with valid credentials", "Login Page with credentials"</td>
<td><div><pre>java.lang.AssertionError: Login failed: &apos;Logged in as &lt;username&gt;&apos; not visible! expected [true] but found [false]
	at com.stepDefinitions.LoginStepDefinitions.user_has_successfully_logged_in(LoginStepDefinitions.java:65)
	at ✽.user has successfully logged in(file:///D:/myworkspace/AutomationExercise/src/test/resources/Features/02and03-Login.feature:12)
... Removed 3 stack frames</pre></div><a href='#' onClick='toggleBox("stack-trace1032983998", this, "Click to show all stack frames", "Click to hide stack frames")'>Click to show all stack frames</a>
<div class='stack-trace' id='stack-trace1032983998'><pre>java.lang.AssertionError: Login failed: &apos;Logged in as &lt;username&gt;&apos; not visible! expected [true] but found [false]
	at org.testng.Assert.fail(Assert.java:111)
	at org.testng.Assert.failNotEquals(Assert.java:1590)
	at org.testng.Assert.assertTrue(Assert.java:57)
	at com.stepDefinitions.LoginStepDefinitions.user_has_successfully_logged_in(LoginStepDefinitions.java:65)
	at ✽.user has successfully logged in(file:///D:/myworkspace/AutomationExercise/src/test/resources/Features/02and03-Login.feature:12)
</pre></div></td>
<td>24</td>
<td>com.TestRunner.LoginRunner@36d585c</td></tr>
</table><p>
<table width='100%' border='1' class='invocation-passed'>
<tr><td colspan='4' align='center'><b>PASSED TESTS</b></td></tr>
<tr><td><b>Test method</b></td>
<td><b>Attribute(s)</b></td>
<td width="30%"><b>Exception</b></td>
<td width="10%"><b>Time (seconds)</b></td>
<td><b>Instance</b></td>
</tr>
<tr>
<td title='com.TestRunner.LogoutRunner.runScenario()'><b>runScenario</b><br>Test class: com.TestRunner.LogoutRunner<br>Test method: Runs Cucumber Scenarios<br>Parameters: "Logout feature", "Logout"</td>
<td></td>
<td>54</td>
<td>com.TestRunner.LogoutRunner@87a85e1</td></tr>
</table><p>
</body>
</html>